<?xml version="1.0" encoding="UTF-8"?>
<testng-results ignored="0" total="1" passed="1" failed="0" skipped="0">
  <reporter-output>
  </reporter-output>
  <suite started-at="2022-01-25T17:20:39 IST" name="Default suite" finished-at="2022-01-25T17:20:40 IST" duration-ms="1801">
    <groups>
    </groups>
    <test started-at="2022-01-25T17:20:39 IST" name="Default test" finished-at="2022-01-25T17:20:40 IST" duration-ms="1801">
      <class name="com.qa.tests.GetAPITest">
        <test-method is-config="true" signature="setUp()[pri:0, instance:com.qa.tests.GetAPITest@693fe6c9]" started-at="2022-01-25T17:20:39 IST" name="setUp" finished-at="2022-01-25T17:20:39 IST" duration-ms="11" status="PASS">
          <reporter-output>
          </reporter-output>
        </test-method> <!-- setUp -->
        <test-method signature="getAPITest()[pri:0, instance:com.qa.tests.GetAPITest@693fe6c9]" started-at="2022-01-25T17:20:39 IST" name="getAPITest" finished-at="2022-01-25T17:20:40 IST" duration-ms="1719" status="PASS">
          <reporter-output>
          </reporter-output>
        </test-method> <!-- getAPITest -->
      </class> <!-- com.qa.tests.GetAPITest -->
    </test> <!-- Default test -->
  </suite> <!-- Default suite -->
</testng-results>
